<?xml version="1.0" encoding="UTF-8"?>
<!-- Generated by org.testng.reporters.JUnitReportReporter -->
<testsuite skipped="0" hostname="DESKTOP-KQ0EMK1" name="concepts.TestNg" tests="1" failures="0" timestamp="2023-10-25T20:54:19 CDT" time="12.776" errors="0">
  <testcase name="addCustomers" time="12.776" classname="concepts.TestNg"/>
  <system-out/>
</testsuite> <!-- concepts.TestNg -->
